04:06:54.518 [main] FATAL com.hussain.hussainjaxrsapp.dao.UserDao - This is a FATAL log
04:06:54.529 [main] ERROR com.hussain.hussainjaxrsapp.dao.UserDao - This is an ERROR log
04:06:54.530 [main] WARN  com.hussain.hussainjaxrsapp.dao.UserDao - This is a WARN log
04:06:54.530 [main] INFO  com.hussain.hussainjaxrsapp.dao.UserDao - This is an INFO log
04:06:54.531 [main] DEBUG com.hussain.hussainjaxrsapp.dao.UserDao - This is a DEBUG log
04:06:54.532 [main] TRACE com.hussain.hussainjaxrsapp.dao.UserDao - This is a TRACE log
04:06:54.538 [main] FATAL com.hussain.hussainjaxrsapp.dao.UserDao - This is a FATAL log
04:06:54.539 [main] ERROR com.hussain.hussainjaxrsapp.dao.UserDao - This is an ERROR log
04:06:54.540 [main] WARN  com.hussain.hussainjaxrsapp.dao.UserDao - This is a WARN log
04:06:54.541 [main] INFO  com.hussain.hussainjaxrsapp.dao.UserDao - This is an INFO log
04:06:54.542 [main] DEBUG com.hussain.hussainjaxrsapp.dao.UserDao - This is a DEBUG log
04:06:54.543 [main] TRACE com.hussain.hussainjaxrsapp.dao.UserDao - This is a TRACE log
04:25:20.145 [main] FATAL com.hussain.hussainjaxrsapp.dao.UserDao - This is a FATAL log
04:25:20.159 [main] ERROR com.hussain.hussainjaxrsapp.dao.UserDao - This is an ERROR log
04:25:20.160 [main] WARN  com.hussain.hussainjaxrsapp.dao.UserDao - This is a WARN log
04:25:20.160 [main] INFO  com.hussain.hussainjaxrsapp.dao.UserDao - This is an INFO log
04:25:20.161 [main] DEBUG com.hussain.hussainjaxrsapp.dao.UserDao - This is a DEBUG log
04:25:20.162 [main] TRACE com.hussain.hussainjaxrsapp.dao.UserDao - This is a TRACE log
04:25:20.168 [main] FATAL com.hussain.hussainjaxrsapp.dao.UserDao - This is a FATAL log
04:25:20.168 [main] ERROR com.hussain.hussainjaxrsapp.dao.UserDao - This is an ERROR log
04:25:20.169 [main] WARN  com.hussain.hussainjaxrsapp.dao.UserDao - This is a WARN log
04:25:20.169 [main] INFO  com.hussain.hussainjaxrsapp.dao.UserDao - This is an INFO log
04:25:20.170 [main] DEBUG com.hussain.hussainjaxrsapp.dao.UserDao - This is a DEBUG log
04:25:20.171 [main] TRACE com.hussain.hussainjaxrsapp.dao.UserDao - This is a TRACE log
