03:11:41.156 [main] FATAL com.hussain.hussainjaxrsapp.dao.UserDao - This is a FATAL log
03:11:41.156 [main] FATAL com.hussain.hussainjaxrsapp.dao.UserDao - This is a FATAL log
03:11:41.171 [main] ERROR com.hussain.hussainjaxrsapp.dao.UserDao - This is an ERROR log
03:11:41.171 [main] ERROR com.hussain.hussainjaxrsapp.dao.UserDao - This is an ERROR log
03:11:41.171 [main] WARN  com.hussain.hussainjaxrsapp.dao.UserDao - This is a WARN log
03:11:41.171 [main] WARN  com.hussain.hussainjaxrsapp.dao.UserDao - This is a WARN log
03:11:41.172 [main] INFO  com.hussain.hussainjaxrsapp.dao.UserDao - This is an INFO log
03:11:41.172 [main] INFO  com.hussain.hussainjaxrsapp.dao.UserDao - This is an INFO log
03:11:41.173 [main] DEBUG com.hussain.hussainjaxrsapp.dao.UserDao - This is a DEBUG log
03:11:41.173 [main] DEBUG com.hussain.hussainjaxrsapp.dao.UserDao - This is a DEBUG log
03:11:41.173 [main] TRACE com.hussain.hussainjaxrsapp.dao.UserDao - This is a TRACE log
03:11:41.173 [main] TRACE com.hussain.hussainjaxrsapp.dao.UserDao - This is a TRACE log
03:11:41.177 [main] FATAL com.hussain.hussainjaxrsapp.dao.UserDao - This is a FATAL log
03:11:41.177 [main] FATAL com.hussain.hussainjaxrsapp.dao.UserDao - This is a FATAL log
03:11:41.178 [main] ERROR com.hussain.hussainjaxrsapp.dao.UserDao - This is an ERROR log
03:11:41.178 [main] ERROR com.hussain.hussainjaxrsapp.dao.UserDao - This is an ERROR log
03:11:41.178 [main] WARN  com.hussain.hussainjaxrsapp.dao.UserDao - This is a WARN log
03:11:41.178 [main] WARN  com.hussain.hussainjaxrsapp.dao.UserDao - This is a WARN log
03:11:41.179 [main] INFO  com.hussain.hussainjaxrsapp.dao.UserDao - This is an INFO log
03:11:41.179 [main] INFO  com.hussain.hussainjaxrsapp.dao.UserDao - This is an INFO log
03:11:41.179 [main] DEBUG com.hussain.hussainjaxrsapp.dao.UserDao - This is a DEBUG log
03:11:41.179 [main] DEBUG com.hussain.hussainjaxrsapp.dao.UserDao - This is a DEBUG log
03:11:41.179 [main] TRACE com.hussain.hussainjaxrsapp.dao.UserDao - This is a TRACE log
03:11:41.179 [main] TRACE com.hussain.hussainjaxrsapp.dao.UserDao - This is a TRACE log
04:06:54.518 [main] FATAL com.hussain.hussainjaxrsapp.dao.UserDao - This is a FATAL log
04:06:54.518 [main] FATAL com.hussain.hussainjaxrsapp.dao.UserDao - This is a FATAL log
04:06:54.529 [main] ERROR com.hussain.hussainjaxrsapp.dao.UserDao - This is an ERROR log
04:06:54.529 [main] ERROR com.hussain.hussainjaxrsapp.dao.UserDao - This is an ERROR log
04:06:54.530 [main] WARN  com.hussain.hussainjaxrsapp.dao.UserDao - This is a WARN log
04:06:54.530 [main] WARN  com.hussain.hussainjaxrsapp.dao.UserDao - This is a WARN log
04:06:54.530 [main] INFO  com.hussain.hussainjaxrsapp.dao.UserDao - This is an INFO log
04:06:54.530 [main] INFO  com.hussain.hussainjaxrsapp.dao.UserDao - This is an INFO log
04:06:54.531 [main] DEBUG com.hussain.hussainjaxrsapp.dao.UserDao - This is a DEBUG log
04:06:54.531 [main] DEBUG com.hussain.hussainjaxrsapp.dao.UserDao - This is a DEBUG log
04:06:54.532 [main] TRACE com.hussain.hussainjaxrsapp.dao.UserDao - This is a TRACE log
04:06:54.532 [main] TRACE com.hussain.hussainjaxrsapp.dao.UserDao - This is a TRACE log
04:06:54.538 [main] FATAL com.hussain.hussainjaxrsapp.dao.UserDao - This is a FATAL log
04:06:54.538 [main] FATAL com.hussain.hussainjaxrsapp.dao.UserDao - This is a FATAL log
04:06:54.539 [main] ERROR com.hussain.hussainjaxrsapp.dao.UserDao - This is an ERROR log
04:06:54.539 [main] ERROR com.hussain.hussainjaxrsapp.dao.UserDao - This is an ERROR log
04:06:54.540 [main] WARN  com.hussain.hussainjaxrsapp.dao.UserDao - This is a WARN log
04:06:54.540 [main] WARN  com.hussain.hussainjaxrsapp.dao.UserDao - This is a WARN log
04:06:54.541 [main] INFO  com.hussain.hussainjaxrsapp.dao.UserDao - This is an INFO log
04:06:54.541 [main] INFO  com.hussain.hussainjaxrsapp.dao.UserDao - This is an INFO log
04:06:54.542 [main] DEBUG com.hussain.hussainjaxrsapp.dao.UserDao - This is a DEBUG log
04:06:54.542 [main] DEBUG com.hussain.hussainjaxrsapp.dao.UserDao - This is a DEBUG log
04:06:54.543 [main] TRACE com.hussain.hussainjaxrsapp.dao.UserDao - This is a TRACE log
04:06:54.543 [main] TRACE com.hussain.hussainjaxrsapp.dao.UserDao - This is a TRACE log
04:25:20.145 [main] FATAL com.hussain.hussainjaxrsapp.dao.UserDao - This is a FATAL log
04:25:20.145 [main] FATAL com.hussain.hussainjaxrsapp.dao.UserDao - This is a FATAL log
04:25:20.159 [main] ERROR com.hussain.hussainjaxrsapp.dao.UserDao - This is an ERROR log
04:25:20.159 [main] ERROR com.hussain.hussainjaxrsapp.dao.UserDao - This is an ERROR log
04:25:20.160 [main] WARN  com.hussain.hussainjaxrsapp.dao.UserDao - This is a WARN log
04:25:20.160 [main] WARN  com.hussain.hussainjaxrsapp.dao.UserDao - This is a WARN log
04:25:20.160 [main] INFO  com.hussain.hussainjaxrsapp.dao.UserDao - This is an INFO log
04:25:20.160 [main] INFO  com.hussain.hussainjaxrsapp.dao.UserDao - This is an INFO log
04:25:20.161 [main] DEBUG com.hussain.hussainjaxrsapp.dao.UserDao - This is a DEBUG log
04:25:20.161 [main] DEBUG com.hussain.hussainjaxrsapp.dao.UserDao - This is a DEBUG log
04:25:20.162 [main] TRACE com.hussain.hussainjaxrsapp.dao.UserDao - This is a TRACE log
04:25:20.162 [main] TRACE com.hussain.hussainjaxrsapp.dao.UserDao - This is a TRACE log
04:25:20.168 [main] FATAL com.hussain.hussainjaxrsapp.dao.UserDao - This is a FATAL log
04:25:20.168 [main] FATAL com.hussain.hussainjaxrsapp.dao.UserDao - This is a FATAL log
04:25:20.168 [main] ERROR com.hussain.hussainjaxrsapp.dao.UserDao - This is an ERROR log
04:25:20.168 [main] ERROR com.hussain.hussainjaxrsapp.dao.UserDao - This is an ERROR log
04:25:20.169 [main] WARN  com.hussain.hussainjaxrsapp.dao.UserDao - This is a WARN log
04:25:20.169 [main] WARN  com.hussain.hussainjaxrsapp.dao.UserDao - This is a WARN log
04:25:20.169 [main] INFO  com.hussain.hussainjaxrsapp.dao.UserDao - This is an INFO log
04:25:20.169 [main] INFO  com.hussain.hussainjaxrsapp.dao.UserDao - This is an INFO log
04:25:20.170 [main] DEBUG com.hussain.hussainjaxrsapp.dao.UserDao - This is a DEBUG log
04:25:20.170 [main] DEBUG com.hussain.hussainjaxrsapp.dao.UserDao - This is a DEBUG log
04:25:20.171 [main] TRACE com.hussain.hussainjaxrsapp.dao.UserDao - This is a TRACE log
04:25:20.171 [main] TRACE com.hussain.hussainjaxrsapp.dao.UserDao - This is a TRACE log
04:25:33.546 [main] FATAL com.hussain.hussainjaxrsapp.dao.UserDao - This is a FATAL log
04:25:33.546 [main] FATAL com.hussain.hussainjaxrsapp.dao.UserDao - This is a FATAL log
04:25:33.575 [main] ERROR com.hussain.hussainjaxrsapp.dao.UserDao - This is an ERROR log
04:25:33.575 [main] ERROR com.hussain.hussainjaxrsapp.dao.UserDao - This is an ERROR log
04:25:33.575 [main] WARN  com.hussain.hussainjaxrsapp.dao.UserDao - This is a WARN log
04:25:33.575 [main] WARN  com.hussain.hussainjaxrsapp.dao.UserDao - This is a WARN log
04:25:33.576 [main] INFO  com.hussain.hussainjaxrsapp.dao.UserDao - This is an INFO log
04:25:33.576 [main] INFO  com.hussain.hussainjaxrsapp.dao.UserDao - This is an INFO log
04:25:33.577 [main] DEBUG com.hussain.hussainjaxrsapp.dao.UserDao - This is a DEBUG log
04:25:33.577 [main] DEBUG com.hussain.hussainjaxrsapp.dao.UserDao - This is a DEBUG log
04:25:33.578 [main] TRACE com.hussain.hussainjaxrsapp.dao.UserDao - This is a TRACE log
04:25:33.578 [main] TRACE com.hussain.hussainjaxrsapp.dao.UserDao - This is a TRACE log
04:25:33.585 [main] FATAL com.hussain.hussainjaxrsapp.dao.UserDao - This is a FATAL log
04:25:33.585 [main] FATAL com.hussain.hussainjaxrsapp.dao.UserDao - This is a FATAL log
04:25:33.585 [main] ERROR com.hussain.hussainjaxrsapp.dao.UserDao - This is an ERROR log
04:25:33.585 [main] ERROR com.hussain.hussainjaxrsapp.dao.UserDao - This is an ERROR log
04:25:33.586 [main] WARN  com.hussain.hussainjaxrsapp.dao.UserDao - This is a WARN log
04:25:33.586 [main] WARN  com.hussain.hussainjaxrsapp.dao.UserDao - This is a WARN log
04:25:33.587 [main] INFO  com.hussain.hussainjaxrsapp.dao.UserDao - This is an INFO log
04:25:33.587 [main] INFO  com.hussain.hussainjaxrsapp.dao.UserDao - This is an INFO log
04:25:33.588 [main] DEBUG com.hussain.hussainjaxrsapp.dao.UserDao - This is a DEBUG log
04:25:33.588 [main] DEBUG com.hussain.hussainjaxrsapp.dao.UserDao - This is a DEBUG log
04:25:33.591 [main] TRACE com.hussain.hussainjaxrsapp.dao.UserDao - This is a TRACE log
04:25:33.591 [main] TRACE com.hussain.hussainjaxrsapp.dao.UserDao - This is a TRACE log
04:25:42.068 [main] FATAL com.hussain.hussainjaxrsapp.dao.UserDao - This is a FATAL log
04:25:42.068 [main] FATAL com.hussain.hussainjaxrsapp.dao.UserDao - This is a FATAL log
04:25:42.095 [main] ERROR com.hussain.hussainjaxrsapp.dao.UserDao - This is an ERROR log
04:25:42.095 [main] ERROR com.hussain.hussainjaxrsapp.dao.UserDao - This is an ERROR log
04:25:42.096 [main] WARN  com.hussain.hussainjaxrsapp.dao.UserDao - This is a WARN log
04:25:42.096 [main] WARN  com.hussain.hussainjaxrsapp.dao.UserDao - This is a WARN log
04:25:42.098 [main] INFO  com.hussain.hussainjaxrsapp.dao.UserDao - This is an INFO log
04:25:42.098 [main] INFO  com.hussain.hussainjaxrsapp.dao.UserDao - This is an INFO log
04:25:42.099 [main] DEBUG com.hussain.hussainjaxrsapp.dao.UserDao - This is a DEBUG log
04:25:42.099 [main] DEBUG com.hussain.hussainjaxrsapp.dao.UserDao - This is a DEBUG log
04:25:42.101 [main] TRACE com.hussain.hussainjaxrsapp.dao.UserDao - This is a TRACE log
04:25:42.101 [main] TRACE com.hussain.hussainjaxrsapp.dao.UserDao - This is a TRACE log
04:25:42.120 [main] FATAL com.hussain.hussainjaxrsapp.dao.UserDao - This is a FATAL log
04:25:42.120 [main] FATAL com.hussain.hussainjaxrsapp.dao.UserDao - This is a FATAL log
04:25:42.121 [main] ERROR com.hussain.hussainjaxrsapp.dao.UserDao - This is an ERROR log
04:25:42.121 [main] ERROR com.hussain.hussainjaxrsapp.dao.UserDao - This is an ERROR log
04:25:42.123 [main] WARN  com.hussain.hussainjaxrsapp.dao.UserDao - This is a WARN log
04:25:42.123 [main] WARN  com.hussain.hussainjaxrsapp.dao.UserDao - This is a WARN log
04:25:42.124 [main] INFO  com.hussain.hussainjaxrsapp.dao.UserDao - This is an INFO log
04:25:42.124 [main] INFO  com.hussain.hussainjaxrsapp.dao.UserDao - This is an INFO log
04:25:42.125 [main] DEBUG com.hussain.hussainjaxrsapp.dao.UserDao - This is a DEBUG log
04:25:42.125 [main] DEBUG com.hussain.hussainjaxrsapp.dao.UserDao - This is a DEBUG log
04:25:42.125 [main] TRACE com.hussain.hussainjaxrsapp.dao.UserDao - This is a TRACE log
04:25:42.125 [main] TRACE com.hussain.hussainjaxrsapp.dao.UserDao - This is a TRACE log
04:30:27.786 [main] FATAL com.hussain.hussainjaxrsapp.dao.UserDao - This is a FATAL log
04:30:27.786 [main] FATAL com.hussain.hussainjaxrsapp.dao.UserDao - This is a FATAL log
04:30:27.822 [main] ERROR com.hussain.hussainjaxrsapp.dao.UserDao - This is an ERROR log
04:30:27.822 [main] ERROR com.hussain.hussainjaxrsapp.dao.UserDao - This is an ERROR log
04:30:27.822 [main] WARN  com.hussain.hussainjaxrsapp.dao.UserDao - This is a WARN log
04:30:27.822 [main] WARN  com.hussain.hussainjaxrsapp.dao.UserDao - This is a WARN log
04:30:27.823 [main] INFO  com.hussain.hussainjaxrsapp.dao.UserDao - This is an INFO log
04:30:27.823 [main] INFO  com.hussain.hussainjaxrsapp.dao.UserDao - This is an INFO log
04:30:27.824 [main] DEBUG com.hussain.hussainjaxrsapp.dao.UserDao - This is a DEBUG log
04:30:27.824 [main] DEBUG com.hussain.hussainjaxrsapp.dao.UserDao - This is a DEBUG log
04:30:27.824 [main] TRACE com.hussain.hussainjaxrsapp.dao.UserDao - This is a TRACE log
04:30:27.824 [main] TRACE com.hussain.hussainjaxrsapp.dao.UserDao - This is a TRACE log
04:30:27.829 [main] FATAL com.hussain.hussainjaxrsapp.dao.UserDao - This is a FATAL log
04:30:27.829 [main] FATAL com.hussain.hussainjaxrsapp.dao.UserDao - This is a FATAL log
04:30:27.831 [main] ERROR com.hussain.hussainjaxrsapp.dao.UserDao - This is an ERROR log
04:30:27.831 [main] ERROR com.hussain.hussainjaxrsapp.dao.UserDao - This is an ERROR log
04:30:27.832 [main] WARN  com.hussain.hussainjaxrsapp.dao.UserDao - This is a WARN log
04:30:27.832 [main] WARN  com.hussain.hussainjaxrsapp.dao.UserDao - This is a WARN log
04:30:27.833 [main] INFO  com.hussain.hussainjaxrsapp.dao.UserDao - This is an INFO log
04:30:27.833 [main] INFO  com.hussain.hussainjaxrsapp.dao.UserDao - This is an INFO log
04:30:27.834 [main] DEBUG com.hussain.hussainjaxrsapp.dao.UserDao - This is a DEBUG log
04:30:27.834 [main] DEBUG com.hussain.hussainjaxrsapp.dao.UserDao - This is a DEBUG log
04:30:27.834 [main] TRACE com.hussain.hussainjaxrsapp.dao.UserDao - This is a TRACE log
04:30:27.834 [main] TRACE com.hussain.hussainjaxrsapp.dao.UserDao - This is a TRACE log
04:30:45.091 [main] FATAL com.hussain.hussainjaxrsapp.dao.UserDao - This is a FATAL log
04:30:45.091 [main] FATAL com.hussain.hussainjaxrsapp.dao.UserDao - This is a FATAL log
04:30:45.127 [main] ERROR com.hussain.hussainjaxrsapp.dao.UserDao - This is an ERROR log
04:30:45.127 [main] ERROR com.hussain.hussainjaxrsapp.dao.UserDao - This is an ERROR log
04:30:45.128 [main] WARN  com.hussain.hussainjaxrsapp.dao.UserDao - This is a WARN log
04:30:45.128 [main] WARN  com.hussain.hussainjaxrsapp.dao.UserDao - This is a WARN log
04:30:45.128 [main] INFO  com.hussain.hussainjaxrsapp.dao.UserDao - This is an INFO log
04:30:45.128 [main] INFO  com.hussain.hussainjaxrsapp.dao.UserDao - This is an INFO log
04:30:45.129 [main] DEBUG com.hussain.hussainjaxrsapp.dao.UserDao - This is a DEBUG log
04:30:45.129 [main] DEBUG com.hussain.hussainjaxrsapp.dao.UserDao - This is a DEBUG log
04:30:45.130 [main] TRACE com.hussain.hussainjaxrsapp.dao.UserDao - This is a TRACE log
04:30:45.130 [main] TRACE com.hussain.hussainjaxrsapp.dao.UserDao - This is a TRACE log
04:30:45.135 [main] FATAL com.hussain.hussainjaxrsapp.dao.UserDao - This is a FATAL log
04:30:45.135 [main] FATAL com.hussain.hussainjaxrsapp.dao.UserDao - This is a FATAL log
04:30:45.136 [main] ERROR com.hussain.hussainjaxrsapp.dao.UserDao - This is an ERROR log
04:30:45.136 [main] ERROR com.hussain.hussainjaxrsapp.dao.UserDao - This is an ERROR log
04:30:45.137 [main] WARN  com.hussain.hussainjaxrsapp.dao.UserDao - This is a WARN log
04:30:45.137 [main] WARN  com.hussain.hussainjaxrsapp.dao.UserDao - This is a WARN log
04:30:45.137 [main] INFO  com.hussain.hussainjaxrsapp.dao.UserDao - This is an INFO log
04:30:45.137 [main] INFO  com.hussain.hussainjaxrsapp.dao.UserDao - This is an INFO log
04:30:45.140 [main] DEBUG com.hussain.hussainjaxrsapp.dao.UserDao - This is a DEBUG log
04:30:45.140 [main] DEBUG com.hussain.hussainjaxrsapp.dao.UserDao - This is a DEBUG log
04:30:45.141 [main] TRACE com.hussain.hussainjaxrsapp.dao.UserDao - This is a TRACE log
04:30:45.141 [main] TRACE com.hussain.hussainjaxrsapp.dao.UserDao - This is a TRACE log
04:30:56.535 [main] FATAL com.hussain.hussainjaxrsapp.dao.UserDao - This is a FATAL log
04:30:56.535 [main] FATAL com.hussain.hussainjaxrsapp.dao.UserDao - This is a FATAL log
04:30:56.591 [main] ERROR com.hussain.hussainjaxrsapp.dao.UserDao - This is an ERROR log
04:30:56.591 [main] ERROR com.hussain.hussainjaxrsapp.dao.UserDao - This is an ERROR log
04:30:56.591 [main] WARN  com.hussain.hussainjaxrsapp.dao.UserDao - This is a WARN log
04:30:56.591 [main] WARN  com.hussain.hussainjaxrsapp.dao.UserDao - This is a WARN log
04:30:56.592 [main] INFO  com.hussain.hussainjaxrsapp.dao.UserDao - This is an INFO log
04:30:56.592 [main] INFO  com.hussain.hussainjaxrsapp.dao.UserDao - This is an INFO log
04:30:56.593 [main] DEBUG com.hussain.hussainjaxrsapp.dao.UserDao - This is a DEBUG log
04:30:56.593 [main] DEBUG com.hussain.hussainjaxrsapp.dao.UserDao - This is a DEBUG log
04:30:56.594 [main] TRACE com.hussain.hussainjaxrsapp.dao.UserDao - This is a TRACE log
04:30:56.594 [main] TRACE com.hussain.hussainjaxrsapp.dao.UserDao - This is a TRACE log
04:30:56.601 [main] FATAL com.hussain.hussainjaxrsapp.dao.UserDao - This is a FATAL log
04:30:56.601 [main] FATAL com.hussain.hussainjaxrsapp.dao.UserDao - This is a FATAL log
04:30:56.602 [main] ERROR com.hussain.hussainjaxrsapp.dao.UserDao - This is an ERROR log
04:30:56.602 [main] ERROR com.hussain.hussainjaxrsapp.dao.UserDao - This is an ERROR log
04:30:56.602 [main] WARN  com.hussain.hussainjaxrsapp.dao.UserDao - This is a WARN log
04:30:56.602 [main] WARN  com.hussain.hussainjaxrsapp.dao.UserDao - This is a WARN log
04:30:56.603 [main] INFO  com.hussain.hussainjaxrsapp.dao.UserDao - This is an INFO log
04:30:56.603 [main] INFO  com.hussain.hussainjaxrsapp.dao.UserDao - This is an INFO log
04:30:56.603 [main] DEBUG com.hussain.hussainjaxrsapp.dao.UserDao - This is a DEBUG log
04:30:56.603 [main] DEBUG com.hussain.hussainjaxrsapp.dao.UserDao - This is a DEBUG log
04:30:56.603 [main] TRACE com.hussain.hussainjaxrsapp.dao.UserDao - This is a TRACE log
04:30:56.603 [main] TRACE com.hussain.hussainjaxrsapp.dao.UserDao - This is a TRACE log
